<?xml version="1.0" encoding="UTF-8"?>
<coverage generated="1657965233252" clover="3.2.0">
  <project timestamp="1657965233253" name="All files">
    <metrics statements="17" coveredstatements="17" conditionals="10" coveredconditionals="7" methods="4" coveredmethods="4" elements="31" coveredelements="28" complexity="0" loc="17" ncloc="17" packages="2" files="2" classes="2"/>
    <package name="server.handlers">
      <metrics statements="10" coveredstatements="10" conditionals="0" coveredconditionals="0" methods="2" coveredmethods="2"/>
      <file name="math.js" path="D:\Afsya\Dibimbing Batch 7\Day 39\assignment-day-39\server\handlers\math.js">
        <metrics statements="10" coveredstatements="10" conditionals="0" coveredconditionals="0" methods="2" coveredmethods="2"/>
        <line num="1" count="4" type="stmt"/>
        <line num="3" count="4" type="stmt"/>
        <line num="4" count="2" type="stmt"/>
        <line num="6" count="2" type="stmt"/>
        <line num="10" count="2" type="stmt"/>
        <line num="15" count="4" type="stmt"/>
        <line num="16" count="2" type="stmt"/>
        <line num="18" count="2" type="stmt"/>
        <line num="22" count="2" type="stmt"/>
        <line num="27" count="4" type="stmt"/>
      </file>
    </package>
    <package name="storage.models">
      <metrics statements="7" coveredstatements="7" conditionals="10" coveredconditionals="7" methods="2" coveredmethods="2"/>
      <file name="math.model.js" path="D:\Afsya\Dibimbing Batch 7\Day 39\assignment-day-39\storage\models\math.model.js">
        <metrics statements="7" coveredstatements="7" conditionals="10" coveredconditionals="7" methods="2" coveredmethods="2"/>
        <line num="3" count="2" type="stmt"/>
        <line num="4" count="2" type="stmt"/>
        <line num="5" count="2" type="cond" truecount="3" falsecount="1"/>
        <line num="11" count="2" type="stmt"/>
        <line num="12" count="2" type="stmt"/>
        <line num="13" count="2" type="cond" truecount="4" falsecount="2"/>
        <line num="18" count="4" type="stmt"/>
      </file>
    </package>
  </project>
</coverage>
