TN:
SF:server\handlers\math.js
FN:3,(anonymous_0)
FN:15,(anonymous_1)
FNF:2
FNH:2
FNDA:2,(anonymous_0)
FNDA:2,(anonymous_1)
DA:1,4
DA:3,4
DA:4,2
DA:6,2
DA:10,2
DA:15,4
DA:16,2
DA:18,2
DA:22,2
DA:27,4
LF:10
LH:10
BRF:0
BRH:0
end_of_record
TN:
SF:storage\models\math.model.js
FN:1,isWeekend
FN:10,isLeapYear
FNF:2
FNH:2
FNDA:2,isWeekend
FNDA:2,isLeapYear
DA:3,2
DA:4,2
DA:5,2
DA:11,2
DA:12,2
DA:13,2
DA:18,4
LF:7
LH:7
BRDA:5,0,0,2
BRDA:5,0,1,0
BRDA:5,1,0,2
BRDA:5,1,1,1
BRDA:13,2,0,2
BRDA:13,2,1,0
BRDA:13,3,0,2
BRDA:13,3,1,0
BRDA:13,4,0,1
BRDA:13,4,1,1
BRF:10
BRH:7
end_of_record
